0 info it worked if it ends with ok
1 verbose cli [ '/usr/local/Cellar/node/7.2.1/bin/node',
1 verbose cli   '/usr/local/bin/npm',
1 verbose cli   'run',
1 verbose cli   'develop' ]
2 info using npm@3.10.9
3 info using node@v7.2.1
4 verbose run-script [ 'predevelop', 'develop', 'postdevelop' ]
5 info lifecycle gatsby-starter-bootstrap@1.9.36~predevelop: gatsby-starter-bootstrap@1.9.36
6 silly lifecycle gatsby-starter-bootstrap@1.9.36~predevelop: no script for predevelop, continuing
7 info lifecycle gatsby-starter-bootstrap@1.9.36~develop: gatsby-starter-bootstrap@1.9.36
8 verbose lifecycle gatsby-starter-bootstrap@1.9.36~develop: unsafe-perm in lifecycle true
9 verbose lifecycle gatsby-starter-bootstrap@1.9.36~develop: PATH: /usr/local/lib/node_modules/npm/bin/node-gyp-bin:/Users/kelvyn/Projects/2017_08 CIID Final Project/05 Production/Web/ciid-final-project-documentation/node_modules/.bin:/usr/local/Cellar/node/7.2.1/bin:/usr/local/bin:/usr/bin:/bin:/usr/sbin:/sbin
10 verbose lifecycle gatsby-starter-bootstrap@1.9.36~develop: CWD: /Users/kelvyn/Projects/2017_08 CIID Final Project/05 Production/Web/ciid-final-project-documentation
11 silly lifecycle gatsby-starter-bootstrap@1.9.36~develop: Args: [ '-c', 'gatsby develop' ]
12 silly lifecycle gatsby-starter-bootstrap@1.9.36~develop: Returned: code: 1  signal: null
13 info lifecycle gatsby-starter-bootstrap@1.9.36~develop: Failed to exec develop script
14 verbose stack Error: gatsby-starter-bootstrap@1.9.36 develop: `gatsby develop`
14 verbose stack Exit status 1
14 verbose stack     at EventEmitter.<anonymous> (/usr/local/lib/node_modules/npm/lib/utils/lifecycle.js:255:16)
14 verbose stack     at emitTwo (events.js:106:13)
14 verbose stack     at EventEmitter.emit (events.js:191:7)
14 verbose stack     at ChildProcess.<anonymous> (/usr/local/lib/node_modules/npm/lib/utils/spawn.js:40:14)
14 verbose stack     at emitTwo (events.js:106:13)
14 verbose stack     at ChildProcess.emit (events.js:191:7)
14 verbose stack     at maybeClose (internal/child_process.js:885:16)
14 verbose stack     at Process.ChildProcess._handle.onexit (internal/child_process.js:226:5)
15 verbose pkgid gatsby-starter-bootstrap@1.9.36
16 verbose cwd /Users/kelvyn/Projects/2017_08 CIID Final Project/05 Production/Web/ciid-final-project-documentation
17 error Darwin 16.7.0
18 error argv "/usr/local/Cellar/node/7.2.1/bin/node" "/usr/local/bin/npm" "run" "develop"
19 error node v7.2.1
20 error npm  v3.10.9
21 error code ELIFECYCLE
22 error gatsby-starter-bootstrap@1.9.36 develop: `gatsby develop`
22 error Exit status 1
23 error Failed at the gatsby-starter-bootstrap@1.9.36 develop script 'gatsby develop'.
23 error Make sure you have the latest version of node.js and npm installed.
23 error If you do, this is most likely a problem with the gatsby-starter-bootstrap package,
23 error not with npm itself.
23 error Tell the author that this fails on your system:
23 error     gatsby develop
23 error You can get information on how to open an issue for this project with:
23 error     npm bugs gatsby-starter-bootstrap
23 error Or if that isn't available, you can get their info via:
23 error     npm owner ls gatsby-starter-bootstrap
23 error There is likely additional logging output above.
24 verbose exit [ 1, true ]
